<?xml version="1.0" encoding="UTF-8"?>
<!-- Generated by org.testng.reporters.JUnitXMLReporter -->
<testsuite ignored="0" hostname="DESKTOP-V2P1583" failures="1" tests="1" name="Test1" time="4.977" errors="0" timestamp="2022-07-01T01:40:35 EEST">
  <testcase classname="com.feniks.tests.Test1" name="test" time="0.005">
    <failure type="java.lang.NoSuchMethodError" message="&amp;apos;org.openqa.selenium.WebDriver com.feniks.tests.Test1.initializeDriver()&amp;apos;">
      <![CDATA[java.lang.NoSuchMethodError: 'org.openqa.selenium.WebDriver com.feniks.tests.Test1.initializeDriver()'
at com.feniks.tests.Test1.test(Test1.java:30)
at java.base/java.util.ArrayList.forEach(ArrayList.java:1511)
... Removed 31 stack frames]]>
    </failure>
  </testcase> <!-- test -->
</testsuite> <!-- Test1 -->
